<?xml version="1.0" encoding="UTF-8"?>
<!-- Generated by org.testng.reporters.JUnitReportReporter -->
<testsuite hostname="LAIMUMLT9002" failures="0" tests="1" name="FakerDataGenerator.FakerDataGenerate" time="0.616" errors="0" timestamp="2024-04-30T18:41:48 IST" skipped="0">
  <testcase classname="FakerDataGenerator.FakerDataGenerate" name="getFakerData" time="0.616"/>
</testsuite> <!-- FakerDataGenerator.FakerDataGenerate -->
