<?xml version="1.0" encoding="UTF-8"?>
<!-- Generated by org.testng.reporters.JUnitReportReporter -->
<testsuite hostname="LAIMUMLT9002" failures="0" tests="1" name="APIChaining.ViewUser" time="0.364" errors="0" timestamp="2024-05-01T16:21:24 IST" skipped="0">
  <testcase classname="APIChaining.ViewUser" name="test_viewUser" time="0.364"/>
</testsuite> <!-- APIChaining.ViewUser -->
