<?xml version="1.0" encoding="UTF-8"?>
<!-- Generated by org.testng.reporters.JUnitReportReporter -->
<testsuite hostname="LAIMUMLT9002" failures="0" tests="4" name="RequestAndResponseSpecificationBuilder.ReqSpec" time="4.944" errors="0" timestamp="2024-05-06T16:32:23 IST" skipped="0">
  <testcase classname="RequestAndResponseSpecificationBuilder.ReqSpec" name="normalPostStudent" time="2.563"/>
  <testcase classname="RequestAndResponseSpecificationBuilder.ReqSpec" name="postReqSpec" time="1.080"/>
  <testcase classname="RequestAndResponseSpecificationBuilder.ReqSpec" name="postPoJoReqSpec" time="1.017"/>
  <testcase classname="RequestAndResponseSpecificationBuilder.ReqSpec" name="getPoJoResSpec" time="0.284"/>
</testsuite> <!-- RequestAndResponseSpecificationBuilder.ReqSpec -->
