<?xml version="1.0" encoding="UTF-8"?>
<!-- Generated by org.testng.reporters.JUnitReportReporter -->
<testsuite hostname="LAIMUMLT9002" failures="0" tests="1" name="LogDemo.LogDemo" time="3.891" errors="0" timestamp="2024-04-29T11:47:41 IST" skipped="0">
  <testcase classname="LogDemo.LogDemo" name="getLogAll" time="3.891"/>
</testsuite> <!-- LogDemo.LogDemo -->
