<?xml version="1.0" encoding="UTF-8"?>
<!-- Generated by org.testng.reporters.JUnitReportReporter -->
<testsuite hostname="LAIMUMLT9002" failures="0" tests="1" name="PathAndQueryParameter.PathAndQueryParameter" time="3.922" errors="0" timestamp="2024-04-29T12:04:40 IST" skipped="0">
  <testcase classname="PathAndQueryParameter.PathAndQueryParameter" name="getTest" time="3.922"/>
</testsuite> <!-- PathAndQueryParameter.PathAndQueryParameter -->
