<?xml version="1.0" encoding="UTF-8"?>
<!-- Generated by org.testng.reporters.JUnitReportReporter -->
<testsuite hostname="LAIMUMLT9002" failures="0" tests="1" name="CookiesAndHeader.TestCookies" time="3.217" errors="0" timestamp="2024-04-29T11:29:04 IST" skipped="0">
  <testcase classname="CookiesAndHeader.TestCookies" name="getMultipleCookies" time="3.217"/>
</testsuite> <!-- CookiesAndHeader.TestCookies -->
