<?xml version="1.0" encoding="UTF-8"?>
<!-- Generated by org.testng.reporters.JUnitReportReporter -->
<testsuite hostname="LAIMUMLT9002" failures="0" tests="1" name="ParseAndValidateXMLResponse.TestXMLRsponse" time="4.414" errors="0" timestamp="2024-04-30T12:05:09 IST" skipped="0">
  <testcase classname="ParseAndValidateXMLResponse.TestXMLRsponse" name="getValidateResponseBody3" time="4.414"/>
</testsuite> <!-- ParseAndValidateXMLResponse.TestXMLRsponse -->
