<?xml version="1.0" encoding="UTF-8"?>
<!-- Generated by org.testng.reporters.JUnitReportReporter -->
<testsuite hostname="LAIMUMLT9002" failures="0" tests="1" name="APIChaining.DeleteUser" time="0.266" errors="0" timestamp="2024-05-01T16:21:24 IST" skipped="0">
  <testcase classname="APIChaining.DeleteUser" name="test_deleteUser" time="0.266"/>
</testsuite> <!-- APIChaining.DeleteUser -->
