<?xml version="1.0" encoding="UTF-8"?>
<!-- Generated by org.testng.reporters.JUnitReportReporter -->
<testsuite hostname="LAIMUMLT9002" failures="0" tests="4" name="APIChaining1.test" time="17.453" errors="0" timestamp="2024-05-01T17:26:20 IST" skipped="0">
  <testcase classname="APIChaining1.test" name="test_createUser" time="7.638"/>
  <testcase classname="APIChaining1.test" name="test_getUser" time="1.544"/>
  <testcase classname="APIChaining1.test" name="test_updateUser" time="7.571"/>
  <testcase classname="APIChaining1.test" name="test_deleteUser" time="0.700"/>
</testsuite> <!-- APIChaining1.test -->
