<?xml version="1.0" encoding="UTF-8"?>
<!-- Generated by org.testng.reporters.JUnitReportReporter -->
<testsuite hostname="LAIMUMLT9002" failures="0" tests="4" name="APIChaining1.JSONPathAPIChaining" time="5.429" errors="0" timestamp="2024-05-01T18:41:09 IST" skipped="0">
  <testcase classname="APIChaining1.JSONPathAPIChaining" name="createUser" time="4.436"/>
  <testcase classname="APIChaining1.JSONPathAPIChaining" name="getUser" time="0.314"/>
  <testcase classname="APIChaining1.JSONPathAPIChaining" name="updateUser" time="0.481"/>
  <testcase classname="APIChaining1.JSONPathAPIChaining" name="deleteUser" time="0.198"/>
</testsuite> <!-- APIChaining1.JSONPathAPIChaining -->
