<?xml version="1.0" encoding="UTF-8"?>
<!-- Generated by org.testng.reporters.JUnitReportReporter -->
<testsuite hostname="LAIMUMLT9002" failures="0" tests="1" name="CookiesAndHeader.TestHeader" time="3.520" errors="0" timestamp="2024-04-29T11:21:30 IST" skipped="0">
  <testcase classname="CookiesAndHeader.TestHeader" name="getMultipleHeaders" time="3.520"/>
</testsuite> <!-- CookiesAndHeader.TestHeader -->
