<?xml version="1.0" encoding="UTF-8"?>
<!-- Generated by org.testng.reporters.JUnitReportReporter -->
<testsuite hostname="LAIMUMLT9002" failures="0" tests="1" name="JSONSchemaValidation.JsonSchemaValidate" time="4.493" errors="0" timestamp="2024-04-30T12:51:05 IST" skipped="0">
  <testcase classname="JSONSchemaValidation.JsonSchemaValidate" name="getValidateJSONSchema" time="4.493"/>
</testsuite> <!-- JSONSchemaValidation.JsonSchemaValidate -->
