<?xml version="1.0" encoding="UTF-8"?>
<!-- Generated by org.testng.reporters.JUnitReportReporter -->
<testsuite hostname="LAIMUMLT9002" failures="0" tests="1" name="APIChaining.UpdateUser" time="0.284" errors="0" timestamp="2024-05-01T16:21:24 IST" skipped="0">
  <testcase classname="APIChaining.UpdateUser" name="test_updateUser" time="0.284"/>
</testsuite> <!-- APIChaining.UpdateUser -->
