<?xml version="1.0" encoding="UTF-8"?>
<!-- Generated by org.testng.reporters.JUnitReportReporter -->
<testsuite hostname="LAIMUMLT9002" failures="0" tests="1" name="RequestBodyDiifrentWay.DiffrentWayRequestBodySend" time="2.728" errors="0" timestamp="2024-04-29T10:00:16 IST" skipped="0">
  <testcase classname="RequestBodyDiifrentWay.DiffrentWayRequestBodySend" name="testDeleteUser" time="2.728"/>
</testsuite> <!-- RequestBodyDiifrentWay.DiffrentWayRequestBodySend -->
