<?xml version="1.0" encoding="UTF-8"?>
<!-- Generated by org.testng.reporters.JUnitReportReporter -->
<testsuite hostname="LAIMUMLT9002" failures="0" tests="4" name="ReqResTest" time="6.339" errors="0" timestamp="2024-04-26T17:03:16 IST" skipped="0">
  <testcase classname="ReqResTest" name="ViewUsers" time="4.403"/>
  <testcase classname="ReqResTest" name="CreateUser" time="1.128"/>
  <testcase classname="ReqResTest" name="UpdateUser" time="0.405"/>
  <testcase classname="ReqResTest" name="DeleteUser" time="0.403"/>
</testsuite> <!-- ReqResTest -->
