<?xml version="1.0" encoding="UTF-8"?>
<!-- Generated by org.testng.reporters.JUnitReportReporter -->
<testsuite hostname="LAIMUMLT9002" failures="0" tests="1" name="GoRest" time="4.517" errors="0" timestamp="2024-04-26T15:58:16 IST" skipped="0">
  <testcase classname="GoRest" name="getViewUsers" time="4.517"/>
</testsuite> <!-- GoRest -->
