<?xml version="1.0" encoding="UTF-8"?>
<!-- Generated by org.testng.reporters.JUnitReportReporter -->
<testsuite hostname="LAIMUMLT9002" failures="0" tests="1" name="SerializationAndDeSerialization.SerializationDeserialization" time="0.439" errors="0" timestamp="2024-04-30T16:51:54 IST" skipped="0">
  <testcase classname="SerializationAndDeSerialization.SerializationDeserialization" name="getConvertJson2PoJo" time="0.439"/>
</testsuite> <!-- SerializationAndDeSerialization.SerializationDeserialization -->
